2025-04-04 20:32:25,702 - INFO - Loading Zero-Shot Classification pipeline...
2025-04-04 20:32:25,878 - ERROR - Classification script failed: MoritzLaurer/DeBERTa-v3-large-mnli-fever-anli is not a local folder and is not a valid model identifier listed on 'https://huggingface.co/models'
If this is a private repository, make sure to pass a token having permission to this repo either by logging in with `huggingface-cli login` or by passing `token=<your_token>`
Traceback (most recent call last):
  File "C:\Projects\Aetheris_POC\venv\Lib\site-packages\huggingface_hub\utils\_http.py", line 409, in hf_raise_for_status
    response.raise_for_status()
  File "C:\Projects\Aetheris_POC\venv\Lib\site-packages\requests\models.py", line 1024, in raise_for_status
    raise HTTPError(http_error_msg, response=self)
requests.exceptions.HTTPError: 401 Client Error: Unauthorized for url: https://huggingface.co/MoritzLaurer/DeBERTa-v3-large-mnli-fever-anli/resolve/main/config.json

The above exception was the direct cause of the following exception:

Traceback (most recent call last):
  File "C:\Projects\Aetheris_POC\venv\Lib\site-packages\transformers\utils\hub.py", line 424, in cached_files
    hf_hub_download(
  File "C:\Projects\Aetheris_POC\venv\Lib\site-packages\huggingface_hub\utils\_validators.py", line 114, in _inner_fn
    return fn(*args, **kwargs)
           ^^^^^^^^^^^^^^^^^^^
  File "C:\Projects\Aetheris_POC\venv\Lib\site-packages\huggingface_hub\file_download.py", line 961, in hf_hub_download
    return _hf_hub_download_to_cache_dir(
           ^^^^^^^^^^^^^^^^^^^^^^^^^^^^^^
  File "C:\Projects\Aetheris_POC\venv\Lib\site-packages\huggingface_hub\file_download.py", line 1068, in _hf_hub_download_to_cache_dir
    _raise_on_head_call_error(head_call_error, force_download, local_files_only)
  File "C:\Projects\Aetheris_POC\venv\Lib\site-packages\huggingface_hub\file_download.py", line 1596, in _raise_on_head_call_error
    raise head_call_error
  File "C:\Projects\Aetheris_POC\venv\Lib\site-packages\huggingface_hub\file_download.py", line 1484, in _get_metadata_or_catch_error
    metadata = get_hf_file_metadata(
               ^^^^^^^^^^^^^^^^^^^^^
  File "C:\Projects\Aetheris_POC\venv\Lib\site-packages\huggingface_hub\utils\_validators.py", line 114, in _inner_fn
    return fn(*args, **kwargs)
           ^^^^^^^^^^^^^^^^^^^
  File "C:\Projects\Aetheris_POC\venv\Lib\site-packages\huggingface_hub\file_download.py", line 1401, in get_hf_file_metadata
    r = _request_wrapper(
        ^^^^^^^^^^^^^^^^^
  File "C:\Projects\Aetheris_POC\venv\Lib\site-packages\huggingface_hub\file_download.py", line 285, in _request_wrapper
    response = _request_wrapper(
               ^^^^^^^^^^^^^^^^^
  File "C:\Projects\Aetheris_POC\venv\Lib\site-packages\huggingface_hub\file_download.py", line 309, in _request_wrapper
    hf_raise_for_status(response)
  File "C:\Projects\Aetheris_POC\venv\Lib\site-packages\huggingface_hub\utils\_http.py", line 459, in hf_raise_for_status
    raise _format(RepositoryNotFoundError, message, response) from e
huggingface_hub.errors.RepositoryNotFoundError: 401 Client Error. (Request ID: Root=1-67f033ca-25a7852b0f35e2846f50ea5b;fe7d8aa2-97eb-41cf-be5f-50c9c2ba216d)

Repository Not Found for url: https://huggingface.co/MoritzLaurer/DeBERTa-v3-large-mnli-fever-anli/resolve/main/config.json.
Please make sure you specified the correct `repo_id` and `repo_type`.
If you are trying to access a private or gated repo, make sure you are authenticated. For more details, see https://huggingface.co/docs/huggingface_hub/authentication
Invalid username or password.

The above exception was the direct cause of the following exception:

Traceback (most recent call last):
  File "C:\Projects\Aetheris_POC\aetheris_core\vtagent\VTAggregatorAgent_ML_ZS.py", line 86, in <module>
    main()
  File "C:\Projects\Aetheris_POC\aetheris_core\vtagent\VTAggregatorAgent_ML_ZS.py", line 47, in main
    classifier = pipeline("zero-shot-classification", model="MoritzLaurer/DeBERTa-v3-large-mnli-fever-anli")
                 ^^^^^^^^^^^^^^^^^^^^^^^^^^^^^^^^^^^^^^^^^^^^^^^^^^^^^^^^^^^^^^^^^^^^^^^^^^^^^^^^^^^^^^^^^^^
  File "C:\Projects\Aetheris_POC\venv\Lib\site-packages\transformers\pipelines\__init__.py", line 812, in pipeline
    resolved_config_file = cached_file(
                           ^^^^^^^^^^^^
  File "C:\Projects\Aetheris_POC\venv\Lib\site-packages\transformers\utils\hub.py", line 266, in cached_file
    file = cached_files(path_or_repo_id=path_or_repo_id, filenames=[filename], **kwargs)
           ^^^^^^^^^^^^^^^^^^^^^^^^^^^^^^^^^^^^^^^^^^^^^^^^^^^^^^^^^^^^^^^^^^^^^^^^^^^^^
  File "C:\Projects\Aetheris_POC\venv\Lib\site-packages\transformers\utils\hub.py", line 456, in cached_files
    raise EnvironmentError(
OSError: MoritzLaurer/DeBERTa-v3-large-mnli-fever-anli is not a local folder and is not a valid model identifier listed on 'https://huggingface.co/models'
If this is a private repository, make sure to pass a token having permission to this repo either by logging in with `huggingface-cli login` or by passing `token=<your_token>`
2025-04-04 20:39:24,280 - INFO - Loading Zero-Shot Classification pipeline...
2025-04-04 20:39:27,011 - INFO - Fetching RawArticles...
2025-04-04 20:39:27,070 - INFO - Total to classify: 101
2025-04-04 20:39:27,070 - INFO - Classifying: Critical flaw in Apache Parquet's Java Library allows remote code execution
2025-04-04 20:44:22,523 - INFO - Classified: Critical flaw in Apache Parquet's Java Library allows remote code execution -> ['cyber attack', 'threat', 'data breach', 'vulnerability', 'ransomware']
2025-04-04 20:44:22,523 - INFO - Classifying: CERT-UA reports of attacks in March 2025 targeting Ukrainian agencies with WRECKSTEEL Malware
2025-04-04 20:48:20,100 - INFO - Classified: CERT-UA reports of attacks in March 2025 targeting Ukrainian agencies with WRECKSTEEL Malware -> ['cyber attack', 'data breach', 'vulnerability', 'threat']
2025-04-04 20:48:20,101 - INFO - Classifying: 39M secrets exposed: GitHub rolls out new security tools
2025-04-04 20:53:29,694 - INFO - Classified: 39M secrets exposed: GitHub rolls out new security tools -> ['compliance', 'vulnerability', 'ransomware']
2025-04-04 20:53:29,694 - INFO - Classifying: China-linked group UNC5221 exploited Ivanti Connect Secure zero-day since mid-March
2025-04-04 20:58:39,971 - INFO - Classified: China-linked group UNC5221 exploited Ivanti Connect Secure zero-day since mid-March -> ['cyber attack', 'data breach', 'vulnerability']
2025-04-04 20:58:39,972 - INFO - Classifying: Europol-led operation shuts down CSAM platform Kidflix, leading to 79 arrests
2025-04-04 21:03:52,832 - INFO - Classified: Europol-led operation shuts down CSAM platform Kidflix, leading to 79 arrests -> ['vulnerability', 'threat', 'compliance', 'ransomware']
2025-04-04 21:03:52,832 - INFO - Classifying: New Triada Trojan comes preinstalled on Android devices
2025-04-04 21:09:05,366 - INFO - Classified: New Triada Trojan comes preinstalled on Android devices -> ['cyber attack', 'data breach', 'vulnerability']
2025-04-04 21:09:05,367 - INFO - Classifying: New advanced FIN7's Anubis backdoor allows to gain full system control on Windows
2025-04-04 21:14:18,214 - INFO - Classified: New advanced FIN7's Anubis backdoor allows to gain full system control on Windows -> ['cyber attack', 'vulnerability', 'threat', 'data breach']
2025-04-04 21:14:18,215 - INFO - Classifying: U.S. CISA adds Apache Tomcat flaw to its Known Exploited Vulnerabilities catalog
2025-04-04 21:19:28,865 - INFO - Classified: U.S. CISA adds Apache Tomcat flaw to its Known Exploited Vulnerabilities catalog -> ['cyber attack', 'vulnerability', 'threat']
2025-04-04 21:19:28,867 - INFO - Classifying: Apple backported fixes for three actively exploited flaws to older devices
2025-04-04 21:24:45,064 - INFO - Classified: Apple backported fixes for three actively exploited flaws to older devices -> ['vulnerability', 'cyber attack', 'threat', 'compliance']
2025-04-04 21:24:45,064 - INFO - Classifying: Spike in Palo Alto Networks scanner activity suggests imminent cyber threats
2025-04-04 21:30:02,388 - INFO - Classified: Spike in Palo Alto Networks scanner activity suggests imminent cyber threats -> ['vulnerability', 'cyber attack', 'threat']
2025-04-04 21:30:02,388 - INFO - Classifying: Microsoft warns of critical flaw in Canon printer drivers
2025-04-04 21:34:12,201 - INFO - Classified: Microsoft warns of critical flaw in Canon printer drivers -> ['vulnerability', 'cyber attack', 'threat']
2025-04-04 21:34:12,202 - INFO - Classifying: CrushFTP CVE-2025-2825 flaw actively exploited in the wild
2025-04-04 21:39:28,823 - INFO - Classified: CrushFTP CVE-2025-2825 flaw actively exploited in the wild -> ['cyber attack', 'data breach', 'vulnerability', 'threat']
2025-04-04 21:39:28,824 - INFO - Classifying: France’s antitrust authority fines Apple €150M for issues related to its App Tracking Transparency
2025-04-04 21:44:41,955 - INFO - Classified: France’s antitrust authority fines Apple €150M for issues related to its App Tracking Transparency -> ['compliance', 'threat', 'vulnerability']
2025-04-04 21:44:41,955 - INFO - Classifying: Hiding WordPress malware in the mu-plugins directory to avoid detection
2025-04-04 21:49:57,845 - INFO - Classified: Hiding WordPress malware in the mu-plugins directory to avoid detection -> ['cyber attack', 'vulnerability']
2025-04-04 21:49:57,846 - INFO - Classifying: U.S. CISA adds Cisco Smart Licensing Utility flaw to its Known Exploited Vulnerabilities catalog
2025-04-04 21:55:14,633 - INFO - Classified: U.S. CISA adds Cisco Smart Licensing Utility flaw to its Known Exploited Vulnerabilities catalog -> ['cyber attack', 'data breach', 'threat', 'vulnerability']
2025-04-04 21:55:14,633 - INFO - Classifying: Russia-linked Gamaredon targets Ukraine with Remcos RAT
2025-04-04 22:00:32,308 - INFO - Classified: Russia-linked Gamaredon targets Ukraine with Remcos RAT -> ['cyber attack', 'data breach', 'vulnerability']
2025-04-04 22:00:32,308 - INFO - Classifying: CoffeeLoader uses a GPU-based packer to evade detection
2025-04-04 22:05:49,718 - INFO - Classified: CoffeeLoader uses a GPU-based packer to evade detection -> ['cyber attack', 'vulnerability', 'threat']
2025-04-04 22:05:49,718 - INFO - Classifying: Morphing Meerkat phishing kits exploit DNS MX records
2025-04-04 22:11:04,819 - INFO - Classified: Morphing Meerkat phishing kits exploit DNS MX records -> ['cyber attack', 'vulnerability', 'threat']
2025-04-04 22:11:04,820 - INFO - Classifying: Sam’s Club Investigates Alleged Cl0p Ransomware Breach
2025-04-04 22:16:21,628 - INFO - Classified: Sam’s Club Investigates Alleged Cl0p Ransomware Breach -> ['cyber attack', 'ransomware', 'data breach', 'threat', 'vulnerability']
2025-04-04 22:16:21,628 - INFO - Classifying: FBI and DOJ seize $8.2 Million in romance baiting crypto fraud scheme
2025-04-04 22:21:37,601 - INFO - Classified: FBI and DOJ seize $8.2 Million in romance baiting crypto fraud scheme -> ['cyber attack']
2025-04-04 22:21:37,602 - INFO - Classifying: Experts warn of the new sophisticate Crocodilus mobile banking Trojan
2025-04-04 22:26:53,372 - INFO - Classified: Experts warn of the new sophisticate Crocodilus mobile banking Trojan -> ['cyber attack', 'threat', 'vulnerability', 'data breach']
2025-04-04 22:26:53,372 - INFO - Classifying: Crooks are reviving the Grandoreiro banking trojan
2025-04-04 22:32:09,737 - INFO - Classified: Crooks are reviving the Grandoreiro banking trojan -> ['cyber attack', 'data breach', 'vulnerability', 'threat']
2025-04-04 22:32:09,737 - INFO - Classifying: Russian authorities arrest three suspects behind Mamont Android banking trojan
2025-04-04 22:37:26,865 - INFO - Classified: Russian authorities arrest three suspects behind Mamont Android banking trojan -> ['cyber attack', 'data breach', 'threat', 'vulnerability']
2025-04-04 22:37:26,865 - INFO - Classifying: Mozilla fixed critical Firefox vulnerability CVE-2025-2857
2025-04-04 22:42:25,661 - INFO - Classified: Mozilla fixed critical Firefox vulnerability CVE-2025-2857 -> ['cyber attack', 'vulnerability', 'threat']
2025-04-04 22:42:25,662 - INFO - Classifying: U.S. CISA adds Google Chromium Mojo flaw to its Known Exploited Vulnerabilities catalog
2025-04-04 22:47:08,423 - INFO - Classified: U.S. CISA adds Google Chromium Mojo flaw to its Known Exploited Vulnerabilities catalog -> ['vulnerability', 'cyber attack', 'threat', 'compliance']
2025-04-04 22:47:08,423 - INFO - Classifying: Crooks target DeepSeek users with fake sponsored Google ads to deliver malware
2025-04-04 22:52:23,254 - INFO - Classified: Crooks target DeepSeek users with fake sponsored Google ads to deliver malware -> ['cyber attack', 'vulnerability', 'data breach', 'threat']
2025-04-04 22:52:23,255 - INFO - Classifying: U.S. CISA adds Sitecore CMS and XP, and GitHub Action flaws to its Known Exploited Vulnerabilities catalog
2025-04-04 22:57:38,206 - INFO - Classified: U.S. CISA adds Sitecore CMS and XP, and GitHub Action flaws to its Known Exploited Vulnerabilities catalog -> ['cyber attack', 'vulnerability', 'data breach', 'threat', 'compliance']
2025-04-04 22:57:38,206 - INFO - Classifying: Arkana Security group claims the hack of US telco provider WideOpenWest (WOW!)
2025-04-04 23:02:54,059 - INFO - Classified: Arkana Security group claims the hack of US telco provider WideOpenWest (WOW!) -> ['cyber attack', 'data breach', 'ransomware', 'threat', 'vulnerability', 'compliance']
2025-04-04 23:02:54,059 - INFO - Classifying: New ReaderUpdate malware variants target macOS users
2025-04-04 23:08:08,838 - INFO - Classified: New ReaderUpdate malware variants target macOS users -> ['cyber attack', 'threat']
2025-04-04 23:08:08,838 - INFO - Classifying: BlackLock Ransomware Targeted by Cybersecurity Firm
2025-04-04 23:13:24,623 - INFO - Classified: BlackLock Ransomware Targeted by Cybersecurity Firm -> ['ransomware', 'cyber attack', 'data breach', 'vulnerability', 'threat']
2025-04-04 23:13:24,623 - INFO - Classifying: Google fixed the first actively exploited Chrome zero-day since the start of the year
2025-04-04 23:18:08,919 - INFO - Classified: Google fixed the first actively exploited Chrome zero-day since the start of the year -> ['cyber attack', 'vulnerability']
2025-04-04 23:18:08,919 - INFO - Classifying: Auth bypass CVE-2025-22230 impacts VMware Windows Tools
2025-04-04 23:23:26,951 - INFO - Classified: Auth bypass CVE-2025-22230 impacts VMware Windows Tools -> ['cyber attack', 'data breach', 'vulnerability', 'threat', 'compliance']
2025-04-04 23:23:26,951 - INFO - Classifying: Android malware campaigns use .NET MAUI to evade detection
2025-04-04 23:28:44,054 - INFO - Classified: Android malware campaigns use .NET MAUI to evade detection -> ['cyber attack', 'data breach', 'threat', 'vulnerability']
2025-04-04 23:28:44,054 - INFO - Classifying: Astral Foods, South Africa’s largest poultry producer, lost over $1M due to a cyberattack
2025-04-04 23:32:58,562 - INFO - Classified: Astral Foods, South Africa’s largest poultry producer, lost over $1M due to a cyberattack -> ['cyber attack', 'ransomware', 'vulnerability', 'data breach']
2025-04-04 23:32:58,564 - INFO - Classifying: A cyberattack hits Ukraine’s national railway operator Ukrzaliznytsia
2025-04-04 23:38:15,275 - INFO - Classified: A cyberattack hits Ukraine’s national railway operator Ukrzaliznytsia -> ['cyber attack']
2025-04-04 23:38:15,275 - INFO - Classifying: Chinese APT Weaver Ant infiltrated a telco for over four years
2025-04-04 23:43:32,988 - INFO - Classified: Chinese APT Weaver Ant infiltrated a telco for over four years -> ['cyber attack', 'data breach', 'vulnerability', 'threat']
2025-04-04 23:43:32,988 - INFO - Classifying: Medusa ransomware uses malicious Windows driver ABYSSWORKER to disable security tools
2025-04-04 23:48:50,284 - INFO - Classified: Medusa ransomware uses malicious Windows driver ABYSSWORKER to disable security tools -> ['cyber attack']
2025-04-04 23:48:50,284 - INFO - Classifying: Attackers can bypass middleware auth checks by exploiting critical Next.js flaw
2025-04-05 05:48:24,551 - INFO - Classified: Attackers can bypass middleware auth checks by exploiting critical Next.js flaw -> ['vulnerability', 'threat', 'cyber attack']
2025-04-05 05:48:24,551 - INFO - Classifying: FBI warns of malicious free online document converters spreading malware
2025-04-05 05:49:24,594 - INFO - Classified: FBI warns of malicious free online document converters spreading malware -> ['cyber attack', 'data breach', 'threat', 'ransomware', 'vulnerability']
2025-04-05 05:49:24,594 - INFO - Classifying: Cloak ransomware group hacked the Virginia Attorney General’s Office
2025-04-05 05:50:20,324 - INFO - Classified: Cloak ransomware group hacked the Virginia Attorney General’s Office -> ['cyber attack', 'data breach', 'ransomware', 'threat', 'vulnerability']
2025-04-05 05:50:20,324 - INFO - Classifying: New Windows 11 trick lets you bypass Microsoft Account requirement
2025-04-05 05:51:21,448 - INFO - Classified: New Windows 11 trick lets you bypass Microsoft Account requirement -> []
2025-04-05 05:51:21,448 - INFO - Classifying: VMware Workstation auto-updates broken after Broadcom URL redirect
2025-04-05 05:52:11,392 - INFO - Classified: VMware Workstation auto-updates broken after Broadcom URL redirect -> []
2025-04-05 05:52:11,393 - INFO - Classifying: Google rolls out easy end-to-end encryption for Gmail business users
2025-04-05 05:53:18,455 - INFO - Classified: Google rolls out easy end-to-end encryption for Gmail business users -> []
2025-04-05 05:53:18,455 - INFO - Classifying: Nearly 24,000 IPs behind wave of Palo Alto Global Protect scans
2025-04-05 05:54:25,480 - INFO - Classified: Nearly 24,000 IPs behind wave of Palo Alto Global Protect scans -> ['cyber attack', 'vulnerability', 'threat']
2025-04-05 05:54:25,480 - INFO - Classifying: Ditch monthly fees and get a perpetual license for SwifDoo PDF Pro
2025-04-05 05:55:31,945 - INFO - Classified: Ditch monthly fees and get a perpetual license for SwifDoo PDF Pro -> []
2025-04-05 05:55:31,946 - INFO - Classifying: Max severity RCE flaw discovered in widely used Apache Parquet
2025-04-05 05:56:38,663 - INFO - Classified: Max severity RCE flaw discovered in widely used Apache Parquet -> ['cyber attack', 'vulnerability', 'ransomware', 'threat', 'data breach']
2025-04-05 05:56:38,663 - INFO - Classifying: Hunters International shifts from ransomware to pure data extortion
2025-04-05 05:57:36,967 - INFO - Classified: Hunters International shifts from ransomware to pure data extortion -> ['ransomware', 'cyber attack', 'data breach', 'threat']
2025-04-05 05:57:36,967 - INFO - Classifying: New Android Spyware Tricks Users by Demanding Passwords for Uninstallation
2025-04-05 05:58:43,932 - INFO - Classified: New Android Spyware Tricks Users by Demanding Passwords for Uninstallation -> ['cyber attack', 'threat', 'vulnerability', 'data breach']
2025-04-05 05:58:43,933 - INFO - Classifying: Malicious PDFs Responsible for 22% of All Email-Based Cyber Threats
2025-04-05 05:59:51,064 - INFO - Classified: Malicious PDFs Responsible for 22% of All Email-Based Cyber Threats -> ['cyber attack']
2025-04-05 05:59:51,064 - INFO - Classifying: Ex-ASML Russian Employee Smuggled Trade Secrets to Moscow via USB
2025-04-05 06:00:58,132 - INFO - Classified: Ex-ASML Russian Employee Smuggled Trade Secrets to Moscow via USB -> ['vulnerability', 'threat', 'cyber attack']
2025-04-05 06:00:58,132 - INFO - Classifying: Halo ITSM Vulnerability Lets Attackers Inject Malicious SQL Code
2025-04-05 06:02:04,873 - INFO - Classified: Halo ITSM Vulnerability Lets Attackers Inject Malicious SQL Code -> ['cyber attack', 'threat', 'vulnerability']
2025-04-05 06:02:04,873 - INFO - Classifying: New Android Malware “TsarBot” Targeting 750 Banking, Finance & Crypto Apps
2025-04-05 06:03:12,129 - INFO - Classified: New Android Malware “TsarBot” Targeting 750 Banking, Finance & Crypto Apps -> ['cyber attack', 'threat', 'vulnerability', 'data breach']
2025-04-05 06:03:12,129 - INFO - Classifying: Hackers Distributing Phishing Malware Via SVG Format To Bypass File Detection
2025-04-05 06:04:18,935 - INFO - Classified: Hackers Distributing Phishing Malware Via SVG Format To Bypass File Detection -> ['cyber attack']
2025-04-05 06:04:18,935 - INFO - Classifying: Cyber Security News Archives - GBHackers Security
2025-04-05 06:05:26,102 - INFO - Classified: Cyber Security News Archives - GBHackers Security -> ['cyber attack', 'vulnerability', 'threat']
2025-04-05 06:05:26,103 - INFO - Classifying: Apache Tomcat Vulnerability Exploited to Execute Malicious Arbitrary Code on Servers
2025-04-05 06:06:15,221 - INFO - Classified: Apache Tomcat Vulnerability Exploited to Execute Malicious Arbitrary Code on Servers -> ['cyber attack', 'vulnerability', 'threat']
2025-04-05 06:06:15,221 - INFO - Classifying: New Android Spyware Tricks Users by Demanding Passwords for Uninstallation
2025-04-05 06:07:22,414 - INFO - Classified: New Android Spyware Tricks Users by Demanding Passwords for Uninstallation -> ['cyber attack', 'threat', 'vulnerability', 'data breach']
2025-04-05 06:07:22,414 - INFO - Classifying: Malicious PDFs Responsible for 22% of All Email-Based Cyber Threats
2025-04-05 06:08:29,938 - INFO - Classified: Malicious PDFs Responsible for 22% of All Email-Based Cyber Threats -> ['cyber attack']
2025-04-05 06:08:29,939 - INFO - Classifying: Ex-ASML Russian Employee Smuggled Trade Secrets to Moscow via USB
2025-04-05 06:09:37,265 - INFO - Classified: Ex-ASML Russian Employee Smuggled Trade Secrets to Moscow via USB -> ['vulnerability', 'threat', 'cyber attack']
2025-04-05 06:09:37,265 - INFO - Classifying: Critical Apache Parquet Vulnerability Allows Remote Code Execution
2025-04-05 06:10:44,687 - INFO - Classified: Critical Apache Parquet Vulnerability Allows Remote Code Execution -> []
2025-04-05 06:10:44,687 - INFO - Classifying: Halo ITSM Vulnerability Lets Attackers Inject Malicious SQL Code
2025-04-05 06:11:51,859 - INFO - Classified: Halo ITSM Vulnerability Lets Attackers Inject Malicious SQL Code -> ['cyber attack', 'threat', 'vulnerability']
2025-04-05 06:11:51,859 - INFO - Classifying: Australian Pension Funds Hacked: Members Face Financial Losses
2025-04-05 06:12:59,355 - INFO - Classified: Australian Pension Funds Hacked: Members Face Financial Losses -> ['cyber attack', 'data breach', 'vulnerability', 'threat']
2025-04-05 06:12:59,355 - INFO - Classifying: Frida Penetration Testing Toolkit Updated with Advanced Threat Monitoring APIs
2025-04-05 06:14:06,756 - INFO - Classified: Frida Penetration Testing Toolkit Updated with Advanced Threat Monitoring APIs -> ['vulnerability']
2025-04-05 06:14:06,756 - INFO - Classifying: SwyftComply with AppTrana WAAP
2025-04-05 06:14:25,797 - INFO - Classified: SwyftComply with AppTrana WAAP -> []
2025-04-05 06:14:25,797 - INFO - Classifying: Konni RAT Exploit Windows Explorer Limitations To Launches a Multi-Stage Attack & Steal Data
2025-04-05 06:15:32,858 - INFO - Classified: Konni RAT Exploit Windows Explorer Limitations To Launches a Multi-Stage Attack & Steal Data -> ['cyber attack', 'data breach', 'threat', 'vulnerability']
2025-04-05 06:15:32,858 - INFO - Classifying: CrushFTP Vulnerability Lets Hackers Bypass Security and Seize Server Control
2025-04-05 06:16:40,222 - INFO - Classified: CrushFTP Vulnerability Lets Hackers Bypass Security and Seize Server Control -> ['cyber attack', 'threat', 'vulnerability', 'data breach']
2025-04-05 06:16:40,222 - INFO - Classifying: Chinese Lotus Blossom Hackers leverages Windows Management Instrumentation for Network Movement
2025-04-05 06:17:47,501 - INFO - Classified: Chinese Lotus Blossom Hackers leverages Windows Management Instrumentation for Network Movement -> ['cyber attack', 'data breach', 'threat']
2025-04-05 06:17:47,501 - INFO - Classifying: PortSwigger Launches Burp AI to Enhance Penetration Testing with AI
2025-04-05 06:18:54,922 - INFO - Classified: PortSwigger Launches Burp AI to Enhance Penetration Testing with AI -> []
2025-04-05 06:18:54,922 - INFO - Classifying: UAC-0219 Hackers Leverage WRECKSTEEL PowerShell Stealer to Extract Data from Computers
2025-04-05 06:20:02,425 - INFO - Classified: UAC-0219 Hackers Leverage WRECKSTEEL PowerShell Stealer to Extract Data from Computers -> ['cyber attack', 'data breach', 'threat', 'vulnerability']
2025-04-05 06:20:02,425 - INFO - Classifying: New Web Skimming Attack Exploits Legacy Stripe API to Validate Stolen Card Data
2025-04-05 06:21:09,589 - INFO - Classified: New Web Skimming Attack Exploits Legacy Stripe API to Validate Stolen Card Data -> ['cyber attack', 'data breach']
2025-04-05 06:21:09,590 - INFO - Classifying: Hackers Distributing Phishing Malware Via SVG Format To Bypass File Detection
2025-04-05 06:22:16,742 - INFO - Classified: Hackers Distributing Phishing Malware Via SVG Format To Bypass File Detection -> ['cyber attack']
2025-04-05 06:22:16,743 - INFO - Classifying: OpenVPN Flaw Allows Attackers Crash Servers and Run Remote Code
2025-04-05 06:23:23,838 - INFO - Classified: OpenVPN Flaw Allows Attackers Crash Servers and Run Remote Code -> ['vulnerability', 'compliance']
2025-04-05 06:23:23,839 - INFO - Classifying: New Android Spyware That Asks Password From Users to Uninstall
2025-04-05 06:24:30,940 - INFO - Classified: New Android Spyware That Asks Password From Users to Uninstall -> ['cyber attack', 'vulnerability', 'threat', 'data breach']
2025-04-05 06:24:30,940 - INFO - Classifying: Hackers Leveraging URL Shorteners & QR Codes for Tax-Related Phishing Attacks
2025-04-05 06:25:38,297 - INFO - Classified: Hackers Leveraging URL Shorteners & QR Codes for Tax-Related Phishing Attacks -> ['cyber attack', 'data breach', 'vulnerability']
2025-04-05 06:25:38,297 - INFO - Classifying: Weaponized PDF-based Attacks Accounts 22% Out of 68% Malicious Attacks Via Email
2025-04-05 06:26:45,631 - INFO - Classified: Weaponized PDF-based Attacks Accounts 22% Out of 68% Malicious Attacks Via Email -> ['cyber attack', 'vulnerability']
2025-04-05 06:26:45,631 - INFO - Classifying: Beware of Clickfix Lures ‘Fix Now’ & ‘Bot Verification’ That Downloads & Executes Malware
2025-04-05 06:27:52,710 - INFO - Classified: Beware of Clickfix Lures ‘Fix Now’ & ‘Bot Verification’ That Downloads & Executes Malware -> ['cyber attack']
2025-04-05 06:27:52,710 - INFO - Classifying: Top 10 Best XDR (Extended Detection & Response) Solutions – 2025
2025-04-05 06:29:00,138 - INFO - Classified: Top 10 Best XDR (Extended Detection & Response) Solutions – 2025 -> ['cyber attack']
2025-04-05 06:29:00,138 - INFO - Classifying: North Korean IT Workers Attacking European Organizations to Infiltrate Corporate Infrastructure
2025-04-05 06:30:05,760 - INFO - Classified: North Korean IT Workers Attacking European Organizations to Infiltrate Corporate Infrastructure -> ['cyber attack', 'vulnerability', 'data breach', 'threat']
2025-04-05 06:30:05,760 - INFO - Classifying: SquareX Discloses Browser-Native Ransomware that Puts Millions at Risk
2025-04-05 06:31:13,089 - INFO - Classified: SquareX Discloses Browser-Native Ransomware that Puts Millions at Risk -> ['cyber attack', 'data breach', 'ransomware', 'vulnerability']
2025-04-05 06:31:13,089 - INFO - Classifying: Google’s Quick Share for Windows Vulnerability Let Attackers Remote Code
2025-04-05 06:32:20,282 - INFO - Classified: Google’s Quick Share for Windows Vulnerability Let Attackers Remote Code -> ['cyber attack', 'data breach', 'threat']
2025-04-05 06:32:20,282 - INFO - Classifying: DarkCloud – An Advanced Stealer Malware Selling Via Telegram To Steal Data From Windows
2025-04-05 06:33:20,548 - INFO - Classified: DarkCloud – An Advanced Stealer Malware Selling Via Telegram To Steal Data From Windows -> ['cyber attack', 'data breach', 'vulnerability', 'threat']
2025-04-05 06:33:20,548 - INFO - Classifying: DeepSeek-R1 Prompts Exploited to Create Sophisticated Malware & Phishing Pages
2025-04-05 06:34:27,850 - INFO - Classified: DeepSeek-R1 Prompts Exploited to Create Sophisticated Malware & Phishing Pages -> ['cyber attack', 'data breach', 'vulnerability']
2025-04-05 06:34:27,850 - INFO - Classifying: Malicious PyPI Package With Fully Automated Carding Script Attacking E-commerce Websites
2025-04-05 06:35:34,853 - INFO - Classified: Malicious PyPI Package With Fully Automated Carding Script Attacking E-commerce Websites -> ['cyber attack', 'data breach', 'vulnerability']
2025-04-05 06:35:34,853 - INFO - Classifying: 1,500+ PostgreSQL Servers Compromised With Fileless Malware Attack
2025-04-05 06:36:42,217 - INFO - Classified: 1,500+ PostgreSQL Servers Compromised With Fileless Malware Attack -> ['cyber attack', 'vulnerability']
2025-04-05 06:36:42,217 - INFO - Classifying: CISA Releases Two ICS Advisories for Vulnerabilities, & Exploits Surrounding ICS
2025-04-05 06:37:49,482 - INFO - Classified: CISA Releases Two ICS Advisories for Vulnerabilities, & Exploits Surrounding ICS -> ['cyber attack', 'vulnerability', 'data breach']
2025-04-05 06:37:49,482 - INFO - Classifying: Authorities Taken Down Child Abuse Platform “Kidflix” With 2M+ Users
2025-04-05 06:38:56,732 - INFO - Classified: Authorities Taken Down Child Abuse Platform “Kidflix” With 2M+ Users -> []
2025-04-05 06:38:56,732 - INFO - Classifying: New Ubuntu Security Bypasses Allow Attackers to Exploit Kernel Vulnerabilities
2025-04-05 06:40:04,032 - INFO - Classified: New Ubuntu Security Bypasses Allow Attackers to Exploit Kernel Vulnerabilities -> ['cyber attack', 'vulnerability', 'threat']
2025-04-05 06:40:04,032 - INFO - Classifying: Cisco AnyConnect VPN Server Vulnerability Let Attacker Trigger DoS Condition
2025-04-05 06:41:11,162 - INFO - Classified: Cisco AnyConnect VPN Server Vulnerability Let Attacker Trigger DoS Condition -> ['cyber attack']
2025-04-05 06:41:11,163 - INFO - Classifying: Oracle Acknowledges Data Breach and Starts Informing Affected Clients
2025-04-05 06:42:17,789 - INFO - Classified: Oracle Acknowledges Data Breach and Starts Informing Affected Clients -> ['cyber attack', 'data breach', 'vulnerability', 'threat']
2025-04-05 06:42:17,789 - INFO - Classifying: Apache Traffic Server Vulnerability Let Attackers Smuggle Requests
2025-04-05 06:43:25,059 - INFO - Classified: Apache Traffic Server Vulnerability Let Attackers Smuggle Requests -> ['cyber attack', 'threat', 'vulnerability']
2025-04-05 06:43:25,059 - INFO - Classifying: Hackers Actively Scanning for Juniper’s Smart Router With Default Password
2025-04-05 06:44:32,015 - INFO - Classified: Hackers Actively Scanning for Juniper’s Smart Router With Default Password -> ['cyber attack', 'data breach', 'vulnerability', 'threat']
2025-04-05 06:44:32,015 - INFO - Classifying: Cisco Smart Licensing Utility Vulnerabilities Let Attackers Gain Admin Access
2025-04-05 06:45:39,332 - INFO - Classified: Cisco Smart Licensing Utility Vulnerabilities Let Attackers Gain Admin Access -> ['cyber attack', 'data breach', 'vulnerability', 'threat']
2025-04-05 06:45:39,332 - INFO - Classifying: Top Ten Passwords Used by Hackers to Attack the RDP Servers
2025-04-05 06:46:46,537 - INFO - Classified: Top Ten Passwords Used by Hackers to Attack the RDP Servers -> []
2025-04-05 06:46:46,537 - INFO - Classifying: Apple Released Security Updates For iOS, iPadOS, macOS, tvOS, and watchOS – Update Now!
2025-04-05 06:47:53,882 - INFO - Classified: Apple Released Security Updates For iOS, iPadOS, macOS, tvOS, and watchOS – Update Now! -> []
2025-04-05 06:47:53,882 - INFO - Classifying: Session Smart Routers With Default Passwords Hacked By Mirai Malware
2025-04-05 06:49:01,226 - INFO - Classified: Session Smart Routers With Default Passwords Hacked By Mirai Malware -> ['cyber attack', 'vulnerability', 'threat', 'data breach']
2025-04-05 06:49:01,226 - INFO - Classifying: ‘BouldSpy’ Android Malware Used by Iranian Government for Surveillance Operations
2025-04-05 06:50:08,443 - INFO - Classified: ‘BouldSpy’ Android Malware Used by Iranian Government for Surveillance Operations -> ['cyber attack', 'data breach']
2025-04-05 06:50:08,443 - INFO - Classifying: State Bar of Texas Confirms Data Breach Started Notifying Consumers
2025-04-05 06:51:15,624 - INFO - Classified: State Bar of Texas Confirms Data Breach Started Notifying Consumers -> ['cyber attack', 'data breach', 'vulnerability', 'threat']
2025-04-05 06:51:15,625 - INFO - Classifying: New Credit Card Skimming Attack Leverages Chrome, Edge, & Firefox Extensions to Steal Financial Data
2025-04-05 06:52:22,844 - INFO - Classified: New Credit Card Skimming Attack Leverages Chrome, Edge, & Firefox Extensions to Steal Financial Data -> ['cyber attack', 'data breach', 'vulnerability']
2025-04-05 06:52:22,844 - INFO - Classifying: Chinese Hackers Actively Exploiting Ivanti VPN Vulnerability to Deploy Malware
2025-04-05 06:53:30,057 - INFO - Classified: Chinese Hackers Actively Exploiting Ivanti VPN Vulnerability to Deploy Malware -> ['cyber attack', 'data breach']
2025-04-05 06:53:30,057 - INFO - Classifying: Frida Penetration Testing Tool Kit Released With New APIs for Threat Monitoring
2025-04-05 06:54:37,351 - INFO - Classified: Frida Penetration Testing Tool Kit Released With New APIs for Threat Monitoring -> []
2025-04-05 06:54:37,351 - INFO - Classifying: New Phishing Campaign Attacking Investors to Steal Login Credentials
2025-04-05 06:55:44,569 - INFO - Classified: New Phishing Campaign Attacking Investors to Steal Login Credentials -> ['cyber attack', 'data breach']
2025-04-05 06:55:44,569 - INFO - Classifying: UAC-0219 Hackers Using PowerShell Stealer WRECKSTEEL to Steal Information from Computers
2025-04-05 06:56:51,922 - INFO - Classified: UAC-0219 Hackers Using PowerShell Stealer WRECKSTEEL to Steal Information from Computers -> ['cyber attack', 'data breach', 'vulnerability']
2025-04-05 06:56:52,003 - INFO - All raw articles classified successfully.
2025-06-21 01:27:37,867 - INFO - Loading Zero-Shot Classification pipeline...
2025-06-21 01:27:39,523 - INFO - Fetching RawArticles...
2025-06-21 01:27:39,553 - INFO - Total to classify: 79
2025-06-21 01:27:39,553 - INFO - Classifying: The Hacker News
2025-06-21 01:27:45,237 - INFO - Classified: The Hacker News -> ['cyber attack', 'threat', 'vulnerability']
2025-06-21 01:27:45,238 - INFO - Classifying: The Hacker News | #1 Trusted Source for Cybersecurity News
2025-06-21 01:27:49,598 - INFO - Classified: The Hacker News | #1 Trusted Source for Cybersecurity News -> []
2025-06-21 01:27:49,598 - INFO - Classifying: The Hacker News | #1 Trusted Source for Cybersecurity News
2025-06-21 01:27:52,707 - INFO - Classified: The Hacker News | #1 Trusted Source for Cybersecurity News -> []
2025-06-21 01:27:52,707 - INFO - Classifying: Cybersecurity Webinars
2025-06-21 01:27:55,226 - INFO - Classified: Cybersecurity Webinars -> []
2025-06-21 01:27:55,226 - INFO - Classifying: data breach â€” Latest News, Reports & Analysis
2025-06-21 01:27:58,379 - INFO - Classified: data breach â€” Latest News, Reports & Analysis -> []
2025-06-21 01:27:58,379 - INFO - Classifying: Cyber Attack â€” Latest News, Reports & Analysis
2025-06-21 01:28:02,419 - INFO - Classified: Cyber Attack â€” Latest News, Reports & Analysis -> ['threat', 'cyber attack', 'vulnerability']
2025-06-21 01:28:02,420 - INFO - Classifying: Vulnerability â€” Latest News, Reports & Analysis
2025-06-21 01:28:05,574 - INFO - Classified: Vulnerability â€” Latest News, Reports & Analysis -> []
2025-06-21 01:28:05,574 - INFO - Classifying: The Hacker News | Expert Insights
2025-06-21 01:28:09,282 - INFO - Classified: The Hacker News | Expert Insights -> ['threat', 'cyber attack']
2025-06-21 01:28:09,282 - INFO - Classifying: Submit a Tip â€” Contact Us
2025-06-21 01:28:17,376 - INFO - Classified: Submit a Tip â€” Contact Us -> ['vulnerability']
2025-06-21 01:28:17,377 - INFO - Classifying: Free Information Technology Research Library of White Papers, Magazines, Reports, and eBooks
2025-06-21 01:28:25,449 - INFO - Classified: Free Information Technology Research Library of White Papers, Magazines, Reports, and eBooks -> []
2025-06-21 01:28:25,449 - INFO - Classifying: We are Hiring! Cybersecurity Writers, Reporters, and Journalists
2025-06-21 01:28:32,857 - INFO - Classified: We are Hiring! Cybersecurity Writers, Reporters, and Journalists -> []
2025-06-21 01:28:32,857 - INFO - Classifying: Advertise with The Hacker News
2025-06-21 01:28:40,730 - INFO - Classified: Advertise with The Hacker News -> []
2025-06-21 01:28:40,730 - INFO - Classifying: The Hacker News
2025-06-21 01:28:49,335 - INFO - Classified: The Hacker News -> ['cyber attack', 'data breach', 'threat']
2025-06-21 01:28:49,335 - INFO - Classifying: Telegram: Join Group Chat
2025-06-21 01:28:52,513 - INFO - Classified: Telegram: Join Group Chat -> []
2025-06-21 01:28:52,513 - INFO - Classifying: Cloud Detection & Response for Dummies
2025-06-21 01:28:55,845 - INFO - Classified: Cloud Detection & Response for Dummies -> []
2025-06-21 01:28:55,845 - INFO - Classifying: Fortinet Warns Attackers Retain FortiGate Access Post-Patching via SSL-VPN Symlink Exploit
2025-06-21 01:29:03,790 - INFO - Classified: Fortinet Warns Attackers Retain FortiGate Access Post-Patching via SSL-VPN Symlink Exploit -> ['cyber attack', 'data breach', 'vulnerability']
2025-06-21 01:29:03,791 - INFO - Classifying: Paper Werewolf Deploys PowerModul Implant in Targeted Cyberattacks on Russian Sectors
